{"C:\\Users\\PARTHA\\Desktop\\App\\test\\npm-registry-test\\npm-registry-provider\\src\\components\\mytest.component.tsx": {"path":"C:\\Users\\PARTHA\\Desktop\\App\\test\\npm-registry-test\\npm-registry-provider\\src\\components\\mytest.component.tsx","statementMap":{"0":{"start":{"line":7,"column":54},"end":{"line":7,"column":null}},"1":{"start":{"line":7,"column":61},"end":{"line":7,"column":63}},"2":{"start":{"line":7,"column":68},"end":{"line":11,"column":2}},"3":{"start":{"line":7,"column":13},"end":{"line":7,"column":54}}},"fnMap":{"0":{"name":"(anonymous_0)","decl":{"start":{"line":7,"column":54},"end":{"line":7,"column":55}},"loc":{"start":{"line":7,"column":63},"end":{"line":7,"column":null}}}},"branchMap":{},"s":{"0":1,"1":1,"2":1,"3":1},"f":{"0":1},"b":{}}
}
